<?xml version="1.0" encoding="UTF-8"?>
<!-- Generated by org.testng.reporters.JUnitXMLReporter -->
<testsuite ignored="1" hostname="RFL315.local" failures="0" tests="2" name="Automation" time="54.881" errors="0" timestamp="29 Nov 2022 10:22:40 GMT">
  <testcase classname="testCases.TC01verifyVisibilityTest" name="navigate" time="37.709"/>
  <testcase classname="testCases.TC01verifyVisibilityTest" name="isProceedToBuyDisplayed" time="2.836"/>
  <testcase classname="testCases.TC01verifyVisibilityTest" name="isBuyNowDisplayed" time="0.0">
    <ignored/>
  </testcase> <!-- isBuyNowDisplayed -->
</testsuite> <!-- Automation -->
